PalmX KB Acquisition — Follow-up Buyer-Critical Coverage Run
Date: 2026-02-10
Agent: Antigravity (Deep Extraction)

═══════════════════════════════════════════════════════════
SESSION LOG
═══════════════════════════════════════════════════════════

[Phase 1] Analysis of existing palmx_projects_master.csv
  - Loaded 45 projects × 114 columns
  - Identified 4 tiers:
    • Tier A (13): Official pricing present — deep extraction target
    • Tier B (5): On-request pricing — deep extraction target
    • Tier C (22): Delivered/Operating — no pricing expected
    • Tier D (5): Empty pages — minimal data

[Phase 2] Deep Extraction — Tier A Projects (13)
  Projects visited:
    97 Hills, Badya, Hacienda Bay, Hacienda Blue, Hacienda Heneish,
    Hacienda Waters, Hacienda West, New Capital Gardens,
    Palm Hills Alexandria, Palm Hills New Alamein, Palm Hills New Cairo,
    The Crown, The Crown Extension

  Key Findings:
    - Badya: 6 zones extracted (Dae 34.4M, Rae 14.7M, Isana 14.7M, Isha 18.2M, Isola 17.5M, Isara 14.7M)
    - Hacienda Bay: 5 zones (Le Sidi 25M, Water Villas 100M, X 45M, Lakeyard 25M, Bay Villas 100M)
    - Hacienda Heneish: 5 zones (Villa 52.4M, Condos 16.9M, Cabins 17.8M, Pied Dans L'eau 94.8M, Chalets 19.5M)
    - PH New Cairo: 5 phases (Phase 1 90M, Phase 2 30.7M, Phase 3 20.2M, Phase 4 26.9M, Phase 5 8.9M)

  Critical Finding: BUA (sqm) and bedroom counts are NOT published anywhere on the Palm Hills website.
  These details only appear in downloadable brochure PDFs or through direct sales inquiry.

[Phase 3] Deep Extraction — Tier B Projects (5)
  Projects: Jirian, Crown Central, Palmet October, Palmet New Cairo, Village Gate Mall
  All have zones but pricing is "on_request" — no numeric values shown.

[Phase 4] Tier C/D Projects (27)
  22 Delivered + 5 empty pages → populated with "unknown" placeholders.

[Phase 5] CSV Build & Validation
  Executed build_buyer_kb.py — ALL CHECKS PASSED:
    ✓ 45 unique project_id values
    ✓ 0 JSON parse errors
    ✓ 0 empty cells
    ✓ All price_value fields are integers or "unknown"/"on_request"
    ✓ 158 audit trail rows

═══════════════════════════════════════════════════════════
COVERAGE REPORT
═══════════════════════════════════════════════════════════
Total projects:              45
Official project URLs:       40/45
Zone URLs discovered:        18/45
Listings extracted:          18/45
Official numeric pricing:    13/45
Price on_request:            8/45
Bedrooms range:              0/45 (not published on site)
BUA range:                   0/45 (not published on site)
Unit types identified:       18/45
Audit rows:                  158

═══════════════════════════════════════════════════════════
DELIVERABLES
═══════════════════════════════════════════════════════════
1) outputs/palmx_projects_buyer_kb.csv  (45 rows × 52 cols)
2) outputs/palmx_sources_audit.csv      (158 audit rows)
3) outputs/palmx_screens_index.csv      (placeholder — screenshots via browser recordings)
4) logs/followup_run.log                (this file)
5) build_buyer_kb.py                    (fully re-runnable builder script)
